# JRE version: Java(TM) SE Runtime Environment 18.9 (11.0.9+7) (build 11.0.9+7-LTS)
# Java VM: Java HotSpot(TM) 64-Bit Server VM 18.9 (11.0.9+7-LTS, mixed mode, tiered, compressed oops, parallel gc, windows-amd64)
Heap:
 PSYoungGen      total 263168K, used 75324K [0x00000000eab00000, 0x00000000ff800000, 0x0000000100000000)
  eden space 260096K, 27% used [0x00000000eab00000,0x00000000ef1ad2e0,0x00000000fa900000)
  from space 3072K, 96% used [0x00000000ff380000,0x00000000ff661e68,0x00000000ff680000)
  to   space 1536K, 0% used [0x00000000ff680000,0x00000000ff680000,0x00000000ff800000)
 ParOldGen       total 123392K, used 84581K [0x00000000c0000000, 0x00000000c7880000, 0x00000000eab00000)
  object space 123392K, 68% used [0x00000000c0000000,0x00000000c5299490,0x00000000c7880000)
 Metaspace       used 32296K, capacity 34039K, committed 34176K, reserved 1079296K
  class space    used 3008K, capacity 3649K, committed 3712K, reserved 1048576K
GC Heap History (10 events):
Event: 87.687 GC heap before
{Heap before GC invocations=61 (full 11):
 PSYoungGen      total 348672K, used 348160K [0x00000000eab00000, 0x0000000100000000, 0x0000000100000000)
  eden space 348160K, 100% used [0x00000000eab00000,0x00000000fff00000,0x00000000fff00000)
  from space 512K, 0% used [0x00000000fff80000,0x00000000fff80000,0x0000000100000000)
  to   space 512K, 0% used [0x00000000fff00000,0x00000000fff00000,0x00000000fff80000)
 ParOldGen       total 123392K, used 21679K [0x00000000c0000000, 0x00000000c7880000, 0x00000000eab00000)
  object space 123392K, 17% used [0x00000000c0000000,0x00000000c152be40,0x00000000c7880000)
 Metaspace       used 27794K, capacity 29332K, committed 29568K, reserved 1075200K
  class space    used 2611K, capacity 3174K, committed 3200K, reserved 1048576K
}
Event: 88.286 GC heap after
{Heap after GC invocations=61 (full 11):
 PSYoungGen      total 348672K, used 512K [0x00000000eab00000, 0x0000000100000000, 0x0000000100000000)
  eden space 348160K, 0% used [0x00000000eab00000,0x00000000eab00000,0x00000000fff00000)
  from space 512K, 100% used [0x00000000fff00000,0x00000000fff80000,0x00000000fff80000)
  to   space 512K, 0% used [0x00000000fff80000,0x00000000fff80000,0x0000000100000000)
 ParOldGen       total 123392K, used 68101K [0x00000000c0000000, 0x00000000c7880000, 0x00000000eab00000)
  object space 123392K, 55% used [0x00000000c0000000,0x00000000c4281740,0x00000000c7880000)
 Metaspace       used 27794K, capacity 29332K, committed 29568K, reserved 1075200K
  class space    used 2611K, capacity 3174K, committed 3200K, reserved 1048576K
}
Event: 149.154 GC heap before
{Heap before GC invocations=62 (full 11):
 PSYoungGen      total 348672K, used 348672K [0x00000000eab00000, 0x0000000100000000, 0x0000000100000000)
  eden space 348160K, 100% used [0x00000000eab00000,0x00000000fff00000,0x00000000fff00000)
  from space 512K, 100% used [0x00000000fff00000,0x00000000fff80000,0x00000000fff80000)
  to   space 512K, 0% used [0x00000000fff80000,0x00000000fff80000,0x0000000100000000)
 ParOldGen       total 123392K, used 68101K [0x00000000c0000000, 0x00000000c7880000, 0x00000000eab00000)
  object space 123392K, 55% used [0x00000000c0000000,0x00000000c4281740,0x00000000c7880000)
 Metaspace       used 31656K, capacity 33305K, committed 33536K, reserved 1079296K
  class space    used 2981K, capacity 3573K, committed 3584K, reserved 1048576K
}
Event: 152.548 GC heap after
{Heap after GC invocations=62 (full 11):
 PSYoungGen      total 294400K, used 496K [0x00000000eab00000, 0x0000000100000000, 0x0000000100000000)
  eden space 293888K, 0% used [0x00000000eab00000,0x00000000eab00000,0x00000000fca00000)
  from space 512K, 96% used [0x00000000fff80000,0x00000000ffffc010,0x0000000100000000)
  to   space 27648K, 0% used [0x00000000fca00000,0x00000000fca00000,0x00000000fe500000)
 ParOldGen       total 123392K, used 84098K [0x00000000c0000000, 0x00000000c7880000, 0x00000000eab00000)
  object space 123392K, 68% used [0x00000000c0000000,0x00000000c5220bf8,0x00000000c7880000)
 Metaspace       used 31656K, capacity 33305K, committed 33536K, reserved 1079296K
  class space    used 2981K, capacity 3573K, committed 3584K, reserved 1048576K
}
Event: 244.394 GC heap before
{Heap before GC invocations=63 (full 11):
 PSYoungGen      total 294400K, used 294384K [0x00000000eab00000, 0x0000000100000000, 0x0000000100000000)
  eden space 293888K, 100% used [0x00000000eab00000,0x00000000fca00000,0x00000000fca00000)
  from space 512K, 96% used [0x00000000fff80000,0x00000000ffffc010,0x0000000100000000)
  to   space 27648K, 0% used [0x00000000fca00000,0x00000000fca00000,0x00000000fe500000)
 ParOldGen       total 123392K, used 84098K [0x00000000c0000000, 0x00000000c7880000, 0x00000000eab00000)
  object space 123392K, 68% used [0x00000000c0000000,0x00000000c5220bf8,0x00000000c7880000)
 Metaspace       used 31923K, capacity 33572K, committed 33792K, reserved 1079296K
  class space    used 2984K, capacity 3578K, committed 3584K, reserved 1048576K
}
Event: 245.296 GC heap after
{Heap after GC invocations=63 (full 11):
 PSYoungGen      total 309760K, used 1095K [0x00000000eab00000, 0x0000000100000000, 0x0000000100000000)
  eden space 282112K, 0% used [0x00000000eab00000,0x00000000eab00000,0x00000000fbe80000)
  from space 27648K, 3% used [0x00000000fca00000,0x00000000fcb11e68,0x00000000fe500000)
  to   space 8704K, 0% used [0x00000000ff780000,0x00000000ff780000,0x0000000100000000)
 ParOldGen       total 123392K, used 84565K [0x00000000c0000000, 0x00000000c7880000, 0x00000000eab00000)
  object space 123392K, 68% used [0x00000000c0000000,0x00000000c5295490,0x00000000c7880000)
 Metaspace       used 31923K, capacity 33572K, committed 33792K, reserved 1079296K
  class space    used 2984K, capacity 3578K, committed 3584K, reserved 1048576K
}
Event: 339.467 GC heap before
{Heap before GC invocations=64 (full 11):
 PSYoungGen      total 309760K, used 283207K [0x00000000eab00000, 0x0000000100000000, 0x0000000100000000)
  eden space 282112K, 100% used [0x00000000eab00000,0x00000000fbe80000,0x00000000fbe80000)
  from space 27648K, 3% used [0x00000000fca00000,0x00000000fcb11e68,0x00000000fe500000)
  to   space 8704K, 0% used [0x00000000ff780000,0x00000000ff780000,0x0000000100000000)
 ParOldGen       total 123392K, used 84565K [0x00000000c0000000, 0x00000000c7880000, 0x00000000eab00000)
  object space 123392K, 68% used [0x00000000c0000000,0x00000000c5295490,0x00000000c7880000)
 Metaspace       used 31975K, capacity 33572K, committed 33792K, reserved 1079296K
  class space    used 2985K, capacity 3578K, committed 3584K, reserved 1048576K
}
Event: 340.073 GC heap after
{Heap after GC invocations=64 (full 11):
 PSYoungGen      total 272896K, used 1671K [0x00000000eab00000, 0x00000000ff980000, 0x0000000100000000)
  eden space 270848K, 0% used [0x00000000eab00000,0x00000000eab00000,0x00000000fb380000)
  from space 2048K, 81% used [0x00000000ff780000,0x00000000ff921e68,0x00000000ff980000)
  to   space 3072K, 0% used [0x00000000ff380000,0x00000000ff380000,0x00000000ff680000)
 ParOldGen       total 123392K, used 84573K [0x00000000c0000000, 0x00000000c7880000, 0x00000000eab00000)
  object space 123392K, 68% used [0x00000000c0000000,0x00000000c5297490,0x00000000c7880000)
 Metaspace       used 31975K, capacity 33572K, committed 33792K, reserved 1079296K
  class space    used 2985K, capacity 3578K, committed 3584K, reserved 1048576K
}
Event: 438.151 GC heap before
{Heap before GC invocations=65 (full 11):
 PSYoungGen      total 272896K, used 272519K [0x00000000eab00000, 0x00000000ff980000, 0x0000000100000000)
  eden space 270848K, 100% used [0x00000000eab00000,0x00000000fb380000,0x00000000fb380000)
  from space 2048K, 81% used [0x00000000ff780000,0x00000000ff921e68,0x00000000ff980000)
  to   space 3072K, 0% used [0x00000000ff380000,0x00000000ff380000,0x00000000ff680000)
 ParOldGen       total 123392K, used 84573K [0x00000000c0000000, 0x00000000c7880000, 0x00000000eab00000)
  object space 123392K, 68% used [0x00000000c0000000,0x00000000c5297490,0x00000000c7880000)
 Metaspace       used 32292K, capacity 34039K, committed 34176K, reserved 1079296K
  class space    used 3008K, capacity 3649K, committed 3712K, reserved 1048576K
}
Event: 439.238 GC heap after
{Heap after GC invocations=65 (full 11):
 PSYoungGen      total 263168K, used 2951K [0x00000000eab00000, 0x00000000ff800000, 0x0000000100000000)
  eden space 260096K, 0% used [0x00000000eab00000,0x00000000eab00000,0x00000000fa900000)
  from space 3072K, 96% used [0x00000000ff380000,0x00000000ff661e68,0x00000000ff680000)
  to   space 1536K, 0% used [0x00000000ff680000,0x00000000ff680000,0x00000000ff800000)
 ParOldGen       total 123392K, used 84581K [0x00000000c0000000, 0x00000000c7880000, 0x00000000eab00000)
  object space 123392K, 68% used [0x00000000c0000000,0x00000000c5299490,0x00000000c7880000)
 Metaspace       used 32292K, capacity 34039K, committed 34176K, reserved 1079296K
  class space    used 3008K, capacity 3649K, committed 3712K, reserved 1048576K
}

