# JRE version: Java(TM) SE Runtime Environment 18.9 (11.0.9+7) (build 11.0.9+7-LTS)
# Java VM: Java HotSpot(TM) 64-Bit Server VM 18.9 (11.0.9+7-LTS, mixed mode, tiered, compressed oops, parallel gc, windows-amd64)
Heap:
 PSYoungGen      total 80384K, used 62490K [0x00000000eab00000, 0x00000000fc000000, 0x0000000100000000)
  eden space 79360K, 77% used [0x00000000eab00000,0x00000000ee7296e0,0x00000000ef880000)
  from space 1024K, 86% used [0x00000000fbe80000,0x00000000fbf5d2a0,0x00000000fbf80000)
  to   space 512K, 0% used [0x00000000fbf80000,0x00000000fbf80000,0x00000000fc000000)
 ParOldGen       total 134144K, used 58449K [0x00000000c0000000, 0x00000000c8300000, 0x00000000eab00000)
  object space 134144K, 43% used [0x00000000c0000000,0x00000000c39145a8,0x00000000c8300000)
 Metaspace       used 33814K, capacity 35469K, committed 35756K, reserved 1081344K
  class space    used 3100K, capacity 3740K, committed 3840K, reserved 1048576K
GC Heap History (10 events):
Event: 966.379 GC heap before
{Heap before GC invocations=100 (full 11):
 PSYoungGen      total 86016K, used 84151K [0x00000000eab00000, 0x00000000fc080000, 0x0000000100000000)
  eden space 84992K, 98% used [0x00000000eab00000,0x00000000efc65dd8,0x00000000efe00000)
  from space 1024K, 78% used [0x00000000fbf00000,0x00000000fbfc8000,0x00000000fc000000)
  to   space 512K, 0% used [0x00000000fc000000,0x00000000fc000000,0x00000000fc080000)
 ParOldGen       total 134144K, used 103546K [0x00000000c0000000, 0x00000000c8300000, 0x00000000eab00000)
  object space 134144K, 77% used [0x00000000c0000000,0x00000000c651e9d8,0x00000000c8300000)
 Metaspace       used 32566K, capacity 34221K, committed 34348K, reserved 1079296K
  class space    used 3008K, capacity 3644K, committed 3712K, reserved 1048576K
}
Event: 966.729 GC heap after
{Heap after GC invocations=100 (full 11):
 PSYoungGen      total 85504K, used 494K [0x00000000eab00000, 0x00000000fc080000, 0x0000000100000000)
  eden space 84992K, 0% used [0x00000000eab00000,0x00000000eab00000,0x00000000efe00000)
  from space 512K, 96% used [0x00000000fc000000,0x00000000fc07bac0,0x00000000fc080000)
  to   space 1536K, 0% used [0x00000000fbd80000,0x00000000fbd80000,0x00000000fbf00000)
 ParOldGen       total 134144K, used 104293K [0x00000000c0000000, 0x00000000c8300000, 0x00000000eab00000)
  object space 134144K, 77% used [0x00000000c0000000,0x00000000c65d9548,0x00000000c8300000)
 Metaspace       used 32566K, capacity 34221K, committed 34348K, reserved 1079296K
  class space    used 3008K, capacity 3644K, committed 3712K, reserved 1048576K
}
Event: 966.730 GC heap before
{Heap before GC invocations=101 (full 12):
 PSYoungGen      total 85504K, used 494K [0x00000000eab00000, 0x00000000fc080000, 0x0000000100000000)
  eden space 84992K, 0% used [0x00000000eab00000,0x00000000eab00000,0x00000000efe00000)
  from space 512K, 96% used [0x00000000fc000000,0x00000000fc07bac0,0x00000000fc080000)
  to   space 1536K, 0% used [0x00000000fbd80000,0x00000000fbd80000,0x00000000fbf00000)
 ParOldGen       total 134144K, used 104293K [0x00000000c0000000, 0x00000000c8300000, 0x00000000eab00000)
  object space 134144K, 77% used [0x00000000c0000000,0x00000000c65d9548,0x00000000c8300000)
 Metaspace       used 32566K, capacity 34221K, committed 34348K, reserved 1079296K
  class space    used 3008K, capacity 3644K, committed 3712K, reserved 1048576K
}
Event: 969.677 GC heap after
{Heap after GC invocations=101 (full 12):
 PSYoungGen      total 85504K, used 0K [0x00000000eab00000, 0x00000000fc080000, 0x0000000100000000)
  eden space 84992K, 0% used [0x00000000eab00000,0x00000000eab00000,0x00000000efe00000)
  from space 512K, 0% used [0x00000000fc000000,0x00000000fc000000,0x00000000fc080000)
  to   space 1536K, 0% used [0x00000000fbd80000,0x00000000fbd80000,0x00000000fbf00000)
 ParOldGen       total 134144K, used 58441K [0x00000000c0000000, 0x00000000c8300000, 0x00000000eab00000)
  object space 134144K, 43% used [0x00000000c0000000,0x00000000c39125a8,0x00000000c8300000)
 Metaspace       used 32566K, capacity 34221K, committed 34348K, reserved 1079296K
  class space    used 3008K, capacity 3644K, committed 3712K, reserved 1048576K
}
Event: 1000.708 GC heap before
{Heap before GC invocations=102 (full 12):
 PSYoungGen      total 85504K, used 84992K [0x00000000eab00000, 0x00000000fc080000, 0x0000000100000000)
  eden space 84992K, 100% used [0x00000000eab00000,0x00000000efe00000,0x00000000efe00000)
  from space 512K, 0% used [0x00000000fc000000,0x00000000fc000000,0x00000000fc080000)
  to   space 1536K, 0% used [0x00000000fbd80000,0x00000000fbd80000,0x00000000fbf00000)
 ParOldGen       total 134144K, used 58441K [0x00000000c0000000, 0x00000000c8300000, 0x00000000eab00000)
  object space 134144K, 43% used [0x00000000c0000000,0x00000000c39125a8,0x00000000c8300000)
 Metaspace       used 33729K, capacity 35405K, committed 35756K, reserved 1081344K
  class space    used 3100K, capacity 3740K, committed 3840K, reserved 1048576K
}
Event: 1001.568 GC heap after
{Heap after GC invocations=102 (full 12):
 PSYoungGen      total 84480K, used 709K [0x00000000eab00000, 0x00000000fc080000, 0x0000000100000000)
  eden space 82944K, 0% used [0x00000000eab00000,0x00000000eab00000,0x00000000efc00000)
  from space 1536K, 46% used [0x00000000fbd80000,0x00000000fbe314b8,0x00000000fbf00000)
  to   space 1024K, 0% used [0x00000000fbf80000,0x00000000fbf80000,0x00000000fc080000)
 ParOldGen       total 134144K, used 58441K [0x00000000c0000000, 0x00000000c8300000, 0x00000000eab00000)
  object space 134144K, 43% used [0x00000000c0000000,0x00000000c39125a8,0x00000000c8300000)
 Metaspace       used 33729K, capacity 35405K, committed 35756K, reserved 1081344K
  class space    used 3100K, capacity 3740K, committed 3840K, reserved 1048576K
}
Event: 1034.177 GC heap before
{Heap before GC invocations=103 (full 12):
 PSYoungGen      total 84480K, used 83653K [0x00000000eab00000, 0x00000000fc080000, 0x0000000100000000)
  eden space 82944K, 100% used [0x00000000eab00000,0x00000000efc00000,0x00000000efc00000)
  from space 1536K, 46% used [0x00000000fbd80000,0x00000000fbe314b8,0x00000000fbf00000)
  to   space 1024K, 0% used [0x00000000fbf80000,0x00000000fbf80000,0x00000000fc080000)
 ParOldGen       total 134144K, used 58441K [0x00000000c0000000, 0x00000000c8300000, 0x00000000eab00000)
  object space 134144K, 43% used [0x00000000c0000000,0x00000000c39125a8,0x00000000c8300000)
 Metaspace       used 33814K, capacity 35469K, committed 35756K, reserved 1081344K
  class space    used 3100K, capacity 3740K, committed 3840K, reserved 1048576K
}
Event: 1035.061 GC heap after
{Heap after GC invocations=103 (full 12):
 PSYoungGen      total 81920K, used 916K [0x00000000eab00000, 0x00000000fc080000, 0x0000000100000000)
  eden space 80896K, 0% used [0x00000000eab00000,0x00000000eab00000,0x00000000efa00000)
  from space 1024K, 89% used [0x00000000fbf80000,0x00000000fc0652a0,0x00000000fc080000)
  to   space 1024K, 0% used [0x00000000fbe80000,0x00000000fbe80000,0x00000000fbf80000)
 ParOldGen       total 134144K, used 58449K [0x00000000c0000000, 0x00000000c8300000, 0x00000000eab00000)
  object space 134144K, 43% used [0x00000000c0000000,0x00000000c39145a8,0x00000000c8300000)
 Metaspace       used 33814K, capacity 35469K, committed 35756K, reserved 1081344K
  class space    used 3100K, capacity 3740K, committed 3840K, reserved 1048576K
}
Event: 1051.197 GC heap before
{Heap before GC invocations=104 (full 12):
 PSYoungGen      total 81920K, used 81812K [0x00000000eab00000, 0x00000000fc080000, 0x0000000100000000)
  eden space 80896K, 100% used [0x00000000eab00000,0x00000000efa00000,0x00000000efa00000)
  from space 1024K, 89% used [0x00000000fbf80000,0x00000000fc0652a0,0x00000000fc080000)
  to   space 1024K, 0% used [0x00000000fbe80000,0x00000000fbe80000,0x00000000fbf80000)
 ParOldGen       total 134144K, used 58449K [0x00000000c0000000, 0x00000000c8300000, 0x00000000eab00000)
  object space 134144K, 43% used [0x00000000c0000000,0x00000000c39145a8,0x00000000c8300000)
 Metaspace       used 33814K, capacity 35469K, committed 35756K, reserved 1081344K
  class space    used 3100K, capacity 3740K, committed 3840K, reserved 1048576K
}
Event: 1051.223 GC heap after
{Heap after GC invocations=104 (full 12):
 PSYoungGen      total 80384K, used 884K [0x00000000eab00000, 0x00000000fc000000, 0x0000000100000000)
  eden space 79360K, 0% used [0x00000000eab00000,0x00000000eab00000,0x00000000ef880000)
  from space 1024K, 86% used [0x00000000fbe80000,0x00000000fbf5d2a0,0x00000000fbf80000)
  to   space 512K, 0% used [0x00000000fbf80000,0x00000000fbf80000,0x00000000fc000000)
 ParOldGen       total 134144K, used 58449K [0x00000000c0000000, 0x00000000c8300000, 0x00000000eab00000)
  object space 134144K, 43% used [0x00000000c0000000,0x00000000c39145a8,0x00000000c8300000)
 Metaspace       used 33814K, capacity 35469K, committed 35756K, reserved 1081344K
  class space    used 3100K, capacity 3740K, committed 3840K, reserved 1048576K
}

