# JRE version: Java(TM) SE Runtime Environment 18.9 (11.0.9+7) (build 11.0.9+7-LTS)
# Java VM: Java HotSpot(TM) 64-Bit Server VM 18.9 (11.0.9+7-LTS, mixed mode, tiered, compressed oops, parallel gc, windows-amd64)
Heap:
 PSYoungGen      total 348672K, used 181135K [0x00000000eab00000, 0x0000000100000000, 0x0000000100000000)
  eden space 348160K, 52% used [0x00000000eab00000,0x00000000f5bdbfb8,0x00000000fff00000)
  from space 512K, 6% used [0x00000000fff00000,0x00000000fff08000,0x00000000fff80000)
  to   space 512K, 0% used [0x00000000fff80000,0x00000000fff80000,0x0000000100000000)
 ParOldGen       total 112640K, used 50470K [0x00000000c0000000, 0x00000000c6e00000, 0x00000000eab00000)
  object space 112640K, 44% used [0x00000000c0000000,0x00000000c3149a20,0x00000000c6e00000)
 Metaspace       used 25542K, capacity 26914K, committed 27136K, reserved 1077248K
  class space    used 2325K, capacity 2792K, committed 2816K, reserved 1048576K
GC Heap History (10 events):
Event: 25.094 GC heap before
{Heap before GC invocations=75 (full 17):
 PSYoungGen      total 348672K, used 339155K [0x00000000eab00000, 0x0000000100000000, 0x0000000100000000)
  eden space 348160K, 97% used [0x00000000eab00000,0x00000000ff634d98,0x00000000fff00000)
  from space 512K, 0% used [0x00000000fff80000,0x00000000fff80000,0x0000000100000000)
  to   space 512K, 0% used [0x00000000fff00000,0x00000000fff00000,0x00000000fff80000)
 ParOldGen       total 105472K, used 20709K [0x00000000c0000000, 0x00000000c6700000, 0x00000000eab00000)
  object space 105472K, 19% used [0x00000000c0000000,0x00000000c14395e0,0x00000000c6700000)
 Metaspace       used 19666K, capacity 20493K, committed 20608K, reserved 1067008K
  class space    used 1827K, capacity 2150K, committed 2176K, reserved 1048576K
}
Event: 25.104 GC heap after
{Heap after GC invocations=75 (full 17):
 PSYoungGen      total 348672K, used 32K [0x00000000eab00000, 0x0000000100000000, 0x0000000100000000)
  eden space 348160K, 0% used [0x00000000eab00000,0x00000000eab00000,0x00000000fff00000)
  from space 512K, 6% used [0x00000000fff00000,0x00000000fff08000,0x00000000fff80000)
  to   space 512K, 0% used [0x00000000fff80000,0x00000000fff80000,0x0000000100000000)
 ParOldGen       total 105472K, used 34652K [0x00000000c0000000, 0x00000000c6700000, 0x00000000eab00000)
  object space 105472K, 32% used [0x00000000c0000000,0x00000000c21d73e0,0x00000000c6700000)
 Metaspace       used 19666K, capacity 20493K, committed 20608K, reserved 1067008K
  class space    used 1827K, capacity 2150K, committed 2176K, reserved 1048576K
}
Event: 25.365 GC heap before
{Heap before GC invocations=76 (full 17):
 PSYoungGen      total 348672K, used 343734K [0x00000000eab00000, 0x0000000100000000, 0x0000000100000000)
  eden space 348160K, 98% used [0x00000000eab00000,0x00000000ffaa59b0,0x00000000fff00000)
  from space 512K, 6% used [0x00000000fff00000,0x00000000fff08000,0x00000000fff80000)
  to   space 512K, 0% used [0x00000000fff80000,0x00000000fff80000,0x0000000100000000)
 ParOldGen       total 105472K, used 34652K [0x00000000c0000000, 0x00000000c6700000, 0x00000000eab00000)
  object space 105472K, 32% used [0x00000000c0000000,0x00000000c21d73e0,0x00000000c6700000)
 Metaspace       used 19666K, capacity 20493K, committed 20608K, reserved 1067008K
  class space    used 1827K, capacity 2150K, committed 2176K, reserved 1048576K
}
Event: 25.373 GC heap after
{Heap after GC invocations=76 (full 17):
 PSYoungGen      total 333824K, used 32K [0x00000000eab00000, 0x0000000100000000, 0x0000000100000000)
  eden space 333312K, 0% used [0x00000000eab00000,0x00000000eab00000,0x00000000ff080000)
  from space 512K, 6% used [0x00000000fff80000,0x00000000fff88000,0x0000000100000000)
  to   space 512K, 0% used [0x00000000fff00000,0x00000000fff00000,0x00000000fff80000)
 ParOldGen       total 105472K, used 62923K [0x00000000c0000000, 0x00000000c6700000, 0x00000000eab00000)
  object space 105472K, 59% used [0x00000000c0000000,0x00000000c3d72fe0,0x00000000c6700000)
 Metaspace       used 19666K, capacity 20493K, committed 20608K, reserved 1067008K
  class space    used 1827K, capacity 2150K, committed 2176K, reserved 1048576K
}
Event: 25.567 GC heap before
{Heap before GC invocations=77 (full 17):
 PSYoungGen      total 333824K, used 319468K [0x00000000eab00000, 0x0000000100000000, 0x0000000100000000)
  eden space 333312K, 95% used [0x00000000eab00000,0x00000000fe2f3038,0x00000000ff080000)
  from space 512K, 6% used [0x00000000fff80000,0x00000000fff88000,0x0000000100000000)
  to   space 512K, 0% used [0x00000000fff00000,0x00000000fff00000,0x00000000fff80000)
 ParOldGen       total 105472K, used 62923K [0x00000000c0000000, 0x00000000c6700000, 0x00000000eab00000)
  object space 105472K, 59% used [0x00000000c0000000,0x00000000c3d72fe0,0x00000000c6700000)
 Metaspace       used 19666K, capacity 20493K, committed 20608K, reserved 1067008K
  class space    used 1827K, capacity 2150K, committed 2176K, reserved 1048576K
}
Event: 25.767 GC heap after
{Heap after GC invocations=77 (full 17):
 PSYoungGen      total 348672K, used 32K [0x00000000eab00000, 0x0000000100000000, 0x0000000100000000)
  eden space 348160K, 0% used [0x00000000eab00000,0x00000000eab00000,0x00000000fff00000)
  from space 512K, 6% used [0x00000000fff00000,0x00000000fff08000,0x00000000fff80000)
  to   space 512K, 0% used [0x00000000fff80000,0x00000000fff80000,0x0000000100000000)
 ParOldGen       total 105472K, used 91546K [0x00000000c0000000, 0x00000000c6700000, 0x00000000eab00000)
  object space 105472K, 86% used [0x00000000c0000000,0x00000000c5966be0,0x00000000c6700000)
 Metaspace       used 19666K, capacity 20493K, committed 20608K, reserved 1067008K
  class space    used 1827K, capacity 2150K, committed 2176K, reserved 1048576K
}
Event: 25.767 GC heap before
{Heap before GC invocations=78 (full 18):
 PSYoungGen      total 348672K, used 32K [0x00000000eab00000, 0x0000000100000000, 0x0000000100000000)
  eden space 348160K, 0% used [0x00000000eab00000,0x00000000eab00000,0x00000000fff00000)
  from space 512K, 6% used [0x00000000fff00000,0x00000000fff08000,0x00000000fff80000)
  to   space 512K, 0% used [0x00000000fff80000,0x00000000fff80000,0x0000000100000000)
 ParOldGen       total 105472K, used 91546K [0x00000000c0000000, 0x00000000c6700000, 0x00000000eab00000)
  object space 105472K, 86% used [0x00000000c0000000,0x00000000c5966be0,0x00000000c6700000)
 Metaspace       used 19666K, capacity 20493K, committed 20608K, reserved 1067008K
  class space    used 1827K, capacity 2150K, committed 2176K, reserved 1048576K
}
Event: 25.851 GC heap after
{Heap after GC invocations=78 (full 18):
 PSYoungGen      total 348672K, used 0K [0x00000000eab00000, 0x0000000100000000, 0x0000000100000000)
  eden space 348160K, 0% used [0x00000000eab00000,0x00000000eab00000,0x00000000fff00000)
  from space 512K, 0% used [0x00000000fff80000,0x00000000fff80000,0x0000000100000000)
  to   space 512K, 0% used [0x00000000fff00000,0x00000000fff00000,0x00000000fff80000)
 ParOldGen       total 112640K, used 21479K [0x00000000c0000000, 0x00000000c6e00000, 0x00000000eab00000)
  object space 112640K, 19% used [0x00000000c0000000,0x00000000c14f9e20,0x00000000c6e00000)
 Metaspace       used 19666K, capacity 20493K, committed 20608K, reserved 1067008K
  class space    used 1827K, capacity 2150K, committed 2176K, reserved 1048576K
}
Event: 26.030 GC heap before
{Heap before GC invocations=79 (full 18):
 PSYoungGen      total 348672K, used 338126K [0x00000000eab00000, 0x0000000100000000, 0x0000000100000000)
  eden space 348160K, 97% used [0x00000000eab00000,0x00000000ff533948,0x00000000fff00000)
  from space 512K, 0% used [0x00000000fff80000,0x00000000fff80000,0x0000000100000000)
  to   space 512K, 0% used [0x00000000fff00000,0x00000000fff00000,0x00000000fff80000)
 ParOldGen       total 112640K, used 21479K [0x00000000c0000000, 0x00000000c6e00000, 0x00000000eab00000)
  object space 112640K, 19% used [0x00000000c0000000,0x00000000c14f9e20,0x00000000c6e00000)
 Metaspace       used 19666K, capacity 20493K, committed 20608K, reserved 1067008K
  class space    used 1827K, capacity 2150K, committed 2176K, reserved 1048576K
}
Event: 26.041 GC heap after
{Heap after GC invocations=79 (full 18):
 PSYoungGen      total 348672K, used 32K [0x00000000eab00000, 0x0000000100000000, 0x0000000100000000)
  eden space 348160K, 0% used [0x00000000eab00000,0x00000000eab00000,0x00000000fff00000)
  from space 512K, 6% used [0x00000000fff00000,0x00000000fff08000,0x00000000fff80000)
  to   space 512K, 0% used [0x00000000fff80000,0x00000000fff80000,0x0000000100000000)
 ParOldGen       total 112640K, used 50470K [0x00000000c0000000, 0x00000000c6e00000, 0x00000000eab00000)
  object space 112640K, 44% used [0x00000000c0000000,0x00000000c3149a20,0x00000000c6e00000)
 Metaspace       used 19666K, capacity 20493K, committed 20608K, reserved 1067008K
  class space    used 1827K, capacity 2150K, committed 2176K, reserved 1048576K
}

